mv: cannot stat 'PDCC/flows1': No such file or directory
mv: cannot stat 'PDCC/output1.txt': No such file or directory
mv: cannot stat 'PDCC/PDCC.q': No such file or directory
mv: cannot stat 'PDCC/flows2': No such file or directory
mv: cannot stat 'PDCC/output2.txt': No such file or directory
mv: cannot stat 'PDCC/PDCC.q': No such file or directory
mv: cannot stat 'PDCC/flows3': No such file or directory
mv: cannot stat 'PDCC/output3.txt': No such file or directory
mv: cannot stat 'PDCC/PDCC.q': No such file or directory
mv: cannot stat 'PDCC/flows4': No such file or directory
mv: cannot stat 'PDCC/output4.txt': No such file or directory
mv: cannot stat 'PDCC/PDCC.q': No such file or directory
mv: cannot stat 'PDCC/flows5': No such file or directory
mv: cannot stat 'PDCC/output5.txt': No such file or directory
mv: cannot stat 'PDCC/PDCC.q': No such file or directory
mv: cannot stat 'PDCC/flows6': No such file or directory
mv: cannot stat 'PDCC/output6.txt': No such file or directory
mv: cannot stat 'PDCC/PDCC.q': No such file or directory
mv: cannot stat 'PDCC/flows7': No such file or directory
mv: cannot stat 'PDCC/output7.txt': No such file or directory
mv: cannot stat 'PDCC/PDCC.q': No such file or directory
mv: cannot stat 'PDCC/flows8': No such file or directory
mv: cannot stat 'PDCC/output8.txt': No such file or directory
mv: cannot stat 'PDCC/PDCC.q': No such file or directory
mv: cannot stat 'PDCC/flows9': No such file or directory
mv: cannot stat 'PDCC/output9.txt': No such file or directory
mv: cannot stat 'PDCC/PDCC.q': No such file or directory
mv: cannot stat 'PDCC/flows10': No such file or directory
mv: cannot stat 'PDCC/output10.txt': No such file or directory
mv: cannot stat 'PDCC/PDCC.q': No such file or directory
mv: cannot stat 'PDCC/flows11': No such file or directory
mv: cannot stat 'PDCC/output11.txt': No such file or directory
mv: cannot stat 'PDCC/PDCC.q': No such file or directory
mv: cannot stat 'PDCC/flows12': No such file or directory
mv: cannot stat 'PDCC/output12.txt': No such file or directory
mv: cannot stat 'PDCC/PDCC.q': No such file or directory
mv: cannot stat 'PDCC/flows13': No such file or directory
mv: cannot stat 'PDCC/output13.txt': No such file or directory
mv: cannot stat 'PDCC/PDCC.q': No such file or directory
mv: cannot stat 'PDCC/flows14': No such file or directory
mv: cannot stat 'PDCC/output14.txt': No such file or directory
mv: cannot stat 'PDCC/PDCC.q': No such file or directory
mv: cannot stat 'PDCC/flows15': No such file or directory
mv: cannot stat 'PDCC/output15.txt': No such file or directory
mv: cannot stat 'PDCC/PDCC.q': No such file or directory
mv: cannot stat 'PDCC/flows16': No such file or directory
mv: cannot stat 'PDCC/output16.txt': No such file or directory
mv: cannot stat 'PDCC/PDCC.q': No such file or directory
mv: cannot stat 'PDCC/flows17': No such file or directory
mv: cannot stat 'PDCC/output17.txt': No such file or directory
mv: cannot stat 'PDCC/PDCC.q': No such file or directory
mv: cannot stat 'PDCC/flows18': No such file or directory
mv: cannot stat 'PDCC/output18.txt': No such file or directory
mv: cannot stat 'PDCC/PDCC.q': No such file or directory
mv: cannot stat 'PDCC/flows19': No such file or directory
mv: cannot stat 'PDCC/output19.txt': No such file or directory
mv: cannot stat 'PDCC/PDCC.q': No such file or directory
mv: cannot stat 'PDCC/flows20': No such file or directory
mv: cannot stat 'PDCC/output20.txt': No such file or directory
mv: cannot stat 'PDCC/PDCC.q': No such file or directory
mv: cannot stat 'PDCC/flows1': No such file or directory
mv: cannot stat 'PDCC/output1.txt': No such file or directory
mv: cannot stat 'PDCC/PDCC.q': No such file or directory
mv: cannot stat 'PDCC/flows2': No such file or directory
mv: cannot stat 'PDCC/output2.txt': No such file or directory
mv: cannot stat 'PDCC/PDCC.q': No such file or directory
mv: cannot stat 'PDCC/flows3': No such file or directory
mv: cannot stat 'PDCC/output3.txt': No such file or directory
mv: cannot stat 'PDCC/PDCC.q': No such file or directory
mv: cannot stat 'PDCC/flows4': No such file or directory
mv: cannot stat 'PDCC/output4.txt': No such file or directory
mv: cannot stat 'PDCC/PDCC.q': No such file or directory
mv: cannot stat 'PDCC/flows5': No such file or directory
mv: cannot stat 'PDCC/output5.txt': No such file or directory
mv: cannot stat 'PDCC/PDCC.q': No such file or directory
mv: cannot stat 'PDCC/flows6': No such file or directory
mv: cannot stat 'PDCC/output6.txt': No such file or directory
mv: cannot stat 'PDCC/PDCC.q': No such file or directory
mv: cannot stat 'PDCC/flows7': No such file or directory
mv: cannot stat 'PDCC/output7.txt': No such file or directory
mv: cannot stat 'PDCC/PDCC.q': No such file or directory
mv: cannot stat 'PDCC/flows8': No such file or directory
mv: cannot stat 'PDCC/output8.txt': No such file or directory
mv: cannot stat 'PDCC/PDCC.q': No such file or directory
mv: cannot stat 'PDCC/flows9': No such file or directory
mv: cannot stat 'PDCC/output9.txt': No such file or directory
mv: cannot stat 'PDCC/PDCC.q': No such file or directory
mv: cannot stat 'PDCC/flows10': No such file or directory
mv: cannot stat 'PDCC/output10.txt': No such file or directory
mv: cannot stat 'PDCC/PDCC.q': No such file or directory
mv: cannot stat 'PDCC/flows11': No such file or directory
mv: cannot stat 'PDCC/output11.txt': No such file or directory
mv: cannot stat 'PDCC/PDCC.q': No such file or directory
mv: cannot stat 'PDCC/flows12': No such file or directory
mv: cannot stat 'PDCC/output12.txt': No such file or directory
mv: cannot stat 'PDCC/PDCC.q': No such file or directory
mv: cannot stat 'PDCC/flows13': No such file or directory
mv: cannot stat 'PDCC/output13.txt': No such file or directory
mv: cannot stat 'PDCC/PDCC.q': No such file or directory
mv: cannot stat 'PDCC/flows14': No such file or directory
mv: cannot stat 'PDCC/output14.txt': No such file or directory
mv: cannot stat 'PDCC/PDCC.q': No such file or directory
mv: cannot stat 'PDCC/flows15': No such file or directory
mv: cannot stat 'PDCC/output15.txt': No such file or directory
mv: cannot stat 'PDCC/PDCC.q': No such file or directory
mv: cannot stat 'PDCC/flows16': No such file or directory
mv: cannot stat 'PDCC/output16.txt': No such file or directory
mv: cannot stat 'PDCC/PDCC.q': No such file or directory
mv: cannot stat 'PDCC/flows17': No such file or directory
mv: cannot stat 'PDCC/output17.txt': No such file or directory
mv: cannot stat 'PDCC/PDCC.q': No such file or directory
mv: cannot stat 'PDCC/flows18': No such file or directory
mv: cannot stat 'PDCC/output18.txt': No such file or directory
mv: cannot stat 'PDCC/PDCC.q': No such file or directory
mv: cannot stat 'PDCC/flows19': No such file or directory
mv: cannot stat 'PDCC/output19.txt': No such file or directory
mv: cannot stat 'PDCC/PDCC.q': No such file or directory
mv: cannot stat 'PDCC/flows20': No such file or directory
mv: cannot stat 'PDCC/output20.txt': No such file or directory
mv: cannot stat 'PDCC/PDCC.q': No such file or directory
mv: cannot stat 'PDCC/flows1': No such file or directory
mv: failed to access 'PDCC/N/PDCC.q': Not a directory
doEvaluation_Dumbbell.sh: line 10: Testdata/Evaluation/PDCC/output2.txt: No such file or directory
mv: cannot stat 'PDCC/flows2': No such file or directory
mv: failed to access 'PDCC/N/PDCC.q': Not a directory
doEvaluation_Dumbbell.sh: line 10: Testdata/Evaluation/PDCC/output3.txt: No such file or directory
mv: cannot stat 'PDCC/flows3': No such file or directory
mv: failed to access 'PDCC/N/PDCC.q': Not a directory
doEvaluation_Dumbbell.sh: line 10: Testdata/Evaluation/PDCC/output4.txt: No such file or directory
mv: cannot stat 'PDCC/flows4': No such file or directory
mv: failed to access 'PDCC/N/PDCC.q': Not a directory
doEvaluation_Dumbbell.sh: line 10: Testdata/Evaluation/PDCC/output5.txt: No such file or directory
mv: cannot stat 'PDCC/flows5': No such file or directory
mv: failed to access 'PDCC/N/PDCC.q': Not a directory
doEvaluation_Dumbbell.sh: line 10: Testdata/Evaluation/PDCC/output6.txt: No such file or directory
mv: cannot stat 'PDCC/flows6': No such file or directory
mv: failed to access 'PDCC/N/PDCC.q': Not a directory
doEvaluation_Dumbbell.sh: line 10: Testdata/Evaluation/PDCC/output7.txt: No such file or directory
mv: cannot stat 'PDCC/flows7': No such file or directory
mv: failed to access 'PDCC/N/PDCC.q': Not a directory
doEvaluation_Dumbbell.sh: line 10: Testdata/Evaluation/PDCC/output8.txt: No such file or directory
mv: cannot stat 'PDCC/flows8': No such file or directory
mv: failed to access 'PDCC/N/PDCC.q': Not a directory
doEvaluation_Dumbbell.sh: line 10: Testdata/Evaluation/PDCC/output9.txt: No such file or directory
mv: cannot stat 'PDCC/flows9': No such file or directory
mv: failed to access 'PDCC/N/PDCC.q': Not a directory
doEvaluation_Dumbbell.sh: line 10: Testdata/Evaluation/PDCC/output10.txt: No such file or directory
mv: cannot stat 'PDCC/flows10': No such file or directory
mv: failed to access 'PDCC/N/PDCC.q': Not a directory
doEvaluation_Dumbbell.sh: line 10: Testdata/Evaluation/PDCC/output11.txt: No such file or directory
mv: cannot stat 'PDCC/flows11': No such file or directory
mv: failed to access 'PDCC/N/PDCC.q': Not a directory
doEvaluation_Dumbbell.sh: line 10: Testdata/Evaluation/PDCC/output12.txt: No such file or directory
mv: cannot stat 'PDCC/flows12': No such file or directory
mv: failed to access 'PDCC/N/PDCC.q': Not a directory
doEvaluation_Dumbbell.sh: line 10: Testdata/Evaluation/PDCC/output13.txt: No such file or directory
mv: cannot stat 'PDCC/flows13': No such file or directory
mv: failed to access 'PDCC/N/PDCC.q': Not a directory
doEvaluation_Dumbbell.sh: line 10: Testdata/Evaluation/PDCC/output14.txt: No such file or directory
mv: cannot stat 'PDCC/flows14': No such file or directory
mv: failed to access 'PDCC/N/PDCC.q': Not a directory
doEvaluation_Dumbbell.sh: line 10: Testdata/Evaluation/PDCC/output15.txt: No such file or directory
mv: cannot stat 'PDCC/flows15': No such file or directory
mv: failed to access 'PDCC/N/PDCC.q': Not a directory
doEvaluation_Dumbbell.sh: line 10: Testdata/Evaluation/PDCC/output16.txt: No such file or directory
mv: cannot stat 'PDCC/flows16': No such file or directory
mv: failed to access 'PDCC/N/PDCC.q': Not a directory
doEvaluation_Dumbbell.sh: line 10: Testdata/Evaluation/PDCC/output17.txt: No such file or directory
mv: cannot stat 'PDCC/flows17': No such file or directory
mv: failed to access 'PDCC/N/PDCC.q': Not a directory
doEvaluation_Dumbbell.sh: line 10: Testdata/Evaluation/PDCC/output18.txt: No such file or directory
mv: cannot stat 'PDCC/flows18': No such file or directory
mv: failed to access 'PDCC/N/PDCC.q': Not a directory
doEvaluation_Dumbbell.sh: line 10: Testdata/Evaluation/PDCC/output19.txt: No such file or directory
mv: cannot stat 'PDCC/flows19': No such file or directory
mv: failed to access 'PDCC/N/PDCC.q': Not a directory
doEvaluation_Dumbbell.sh: line 10: Testdata/Evaluation/PDCC/output20.txt: No such file or directory
mv: cannot stat 'PDCC/flows20': No such file or directory
mv: failed to access 'PDCC/N/PDCC.q': Not a directory
doEvaluation_Dumbbell.sh: line 10: Testdata/Evaluation/PDCC/output2.txt: No such file or directory
mkdir: cannot create directory ‘PDCC/N’: File exists
mv: cannot stat 'PDCC/output2.txt': No such file or directory
doEvaluation_Dumbbell.sh: line 10: Testdata/Evaluation/PDCC/output3.txt: No such file or directory
mkdir: cannot create directory ‘PDCC/N’: File exists
mv: cannot stat 'PDCC/output3.txt': No such file or directory
doEvaluation_Dumbbell.sh: line 10: Testdata/Evaluation/PDCC/output4.txt: No such file or directory
mkdir: cannot create directory ‘PDCC/N’: File exists
mv: cannot stat 'PDCC/output4.txt': No such file or directory
doEvaluation_Dumbbell.sh: line 10: Testdata/Evaluation/PDCC/output5.txt: No such file or directory
mkdir: cannot create directory ‘PDCC/N’: File exists
mv: cannot stat 'PDCC/output5.txt': No such file or directory
doEvaluation_Dumbbell.sh: line 10: Testdata/Evaluation/PDCC/output6.txt: No such file or directory
mkdir: cannot create directory ‘PDCC/N’: File exists
mv: cannot stat 'PDCC/output6.txt': No such file or directory
doEvaluation_Dumbbell.sh: line 10: Testdata/Evaluation/PDCC/output7.txt: No such file or directory
mkdir: cannot create directory ‘PDCC/N’: File exists
mv: cannot stat 'PDCC/output7.txt': No such file or directory
doEvaluation_Dumbbell.sh: line 10: Testdata/Evaluation/PDCC/output8.txt: No such file or directory
mkdir: cannot create directory ‘PDCC/N’: File exists
mv: cannot stat 'PDCC/output8.txt': No such file or directory
doEvaluation_Dumbbell.sh: line 10: Testdata/Evaluation/PDCC/output9.txt: No such file or directory
mkdir: cannot create directory ‘PDCC/N’: File exists
mv: cannot stat 'PDCC/output9.txt': No such file or directory
doEvaluation_Dumbbell.sh: line 10: Testdata/Evaluation/PDCC/output10.txt: No such file or directory
mkdir: cannot create directory ‘PDCC/N’: File exists
mv: cannot stat 'PDCC/output10.txt': No such file or directory
doEvaluation_Dumbbell.sh: line 10: Testdata/Evaluation/PDCC/output11.txt: No such file or directory
mkdir: cannot create directory ‘PDCC/N’: File exists
mv: cannot stat 'PDCC/output11.txt': No such file or directory
doEvaluation_Dumbbell.sh: line 10: Testdata/Evaluation/PDCC/output12.txt: No such file or directory
mkdir: cannot create directory ‘PDCC/N’: File exists
mv: cannot stat 'PDCC/output12.txt': No such file or directory
doEvaluation_Dumbbell.sh: line 10: Testdata/Evaluation/PDCC/output13.txt: No such file or directory
mkdir: cannot create directory ‘PDCC/N’: File exists
mv: cannot stat 'PDCC/output13.txt': No such file or directory
doEvaluation_Dumbbell.sh: line 10: Testdata/Evaluation/PDCC/output14.txt: No such file or directory
mkdir: cannot create directory ‘PDCC/N’: File exists
mv: cannot stat 'PDCC/output14.txt': No such file or directory
doEvaluation_Dumbbell.sh: line 10: Testdata/Evaluation/PDCC/output15.txt: No such file or directory
mkdir: cannot create directory ‘PDCC/N’: File exists
mv: cannot stat 'PDCC/output15.txt': No such file or directory
doEvaluation_Dumbbell.sh: line 10: Testdata/Evaluation/PDCC/output16.txt: No such file or directory
mkdir: cannot create directory ‘PDCC/N’: File exists
mv: cannot stat 'PDCC/output16.txt': No such file or directory
doEvaluation_Dumbbell.sh: line 10: Testdata/Evaluation/PDCC/output17.txt: No such file or directory
mkdir: cannot create directory ‘PDCC/N’: File exists
mv: cannot stat 'PDCC/output17.txt': No such file or directory
doEvaluation_Dumbbell.sh: line 10: Testdata/Evaluation/PDCC/output18.txt: No such file or directory
mkdir: cannot create directory ‘PDCC/N’: File exists
mv: cannot stat 'PDCC/output18.txt': No such file or directory
doEvaluation_Dumbbell.sh: line 10: Testdata/Evaluation/PDCC/output19.txt: No such file or directory
mkdir: cannot create directory ‘PDCC/N’: File exists
mv: cannot stat 'PDCC/output19.txt': No such file or directory
doEvaluation_Dumbbell.sh: line 10: Testdata/Evaluation/PDCC/output20.txt: No such file or directory
mkdir: cannot create directory ‘PDCC/N’: File exists
mv: cannot stat 'PDCC/output20.txt': No such file or directory
mkdir: cannot create directory ‘Testdata/Evaluation/PDCC/N’: File exists
mkdir: cannot create directory ‘Testdata/Evaluation/PDCC/N’: File exists
mkdir: cannot create directory ‘Testdata/Evaluation/PDCC/N’: File exists
mkdir: cannot create directory ‘Testdata/Evaluation/PDCC/N’: File exists
mkdir: cannot create directory ‘Testdata/Evaluation/PDCC/N’: File exists
mkdir: cannot create directory ‘Testdata/Evaluation/PDCC/N’: File exists
mkdir: cannot create directory ‘Testdata/Evaluation/PDCC/N’: File exists
mkdir: cannot create directory ‘Testdata/Evaluation/PDCC/N’: File exists
mkdir: cannot create directory ‘Testdata/Evaluation/PDCC/N’: File exists
mkdir: cannot create directory ‘Testdata/Evaluation/PDCC/N’: File exists
mkdir: cannot create directory ‘Testdata/Evaluation/PDCC/N’: File exists
mkdir: cannot create directory ‘Testdata/Evaluation/PDCC/N’: File exists
mkdir: cannot create directory ‘Testdata/Evaluation/PDCC/N’: File exists
mkdir: cannot create directory ‘Testdata/Evaluation/PDCC/N’: File exists
mkdir: cannot create directory ‘Testdata/Evaluation/PDCC/N’: File exists
mkdir: cannot create directory ‘Testdata/Evaluation/PDCC/N’: File exists
mkdir: cannot create directory ‘Testdata/Evaluation/PDCC/N’: File exists
mkdir: cannot create directory ‘Testdata/Evaluation/PDCC/N’: File exists
mkdir: cannot create directory ‘Testdata/Evaluation/PDCC/N’: File exists
mkdir: cannot create directory ‘Testdata/Evaluation/PDCC/N’: File exists
